<?xml version="1.0" encoding="UTF-8"?>
<!-- Generated by org.testng.reporters.JUnitReportReporter -->
<testsuite hostname="vicky-THINK" name="TestFramework.WeatherBitAPITest" tests="2" failures="0" timestamp="20 Jan 2019 21:47:39 GMT" time="3.322" errors="0">
  <testcase name="getHourlyForcastTest" time="1.957" classname="TestFramework.WeatherBitAPITest"/>
  <testcase name="getCurrentDataTest" time="1.365" classname="TestFramework.WeatherBitAPITest"/>
</testsuite>
