<?xml version="1.0" encoding="UTF-8"?>
<!-- Generated by org.testng.reporters.JUnitReportReporter -->
<testsuite hostname="vicky-THINK" name="TestFramework.WeatherBitAPITest" tests="2" failures="0" timestamp="20 Jan 2019 15:57:47 GMT" time="12.710" errors="0">
  <testcase name="getCurrentDataTest" time="8.895" classname="TestFramework.WeatherBitAPITest"/>
  <testcase name="getHourlyForcastTest" time="3.815" classname="TestFramework.WeatherBitAPITest"/>
</testsuite>
