<?xml version="1.0" encoding="UTF-8"?>
<!-- Generated by org.testng.reporters.JUnitReportReporter -->
<testsuite hostname="vicky-THINK" name="TestFramework.PerformaceTest" tests="1" failures="0" timestamp="20 Jan 2019 21:50:42 GMT" time="38.066" errors="0">
  <testcase name="apiPerformanceTest" time="38.066" classname="TestFramework.PerformaceTest"/>
</testsuite>
