<?xml version="1.0" encoding="UTF-8"?>
<!-- Generated by org.testng.reporters.JUnitReportReporter -->
<testsuite hostname="DESKTOP-GOMK6OD" name="TestFramework.basics" tests="1" failures="0" timestamp="4 Nov 2017 20:43:35 GMT" time="5.394" errors="0">
  <testcase name="getPlaceAPI" time="5.394" classname="TestFramework.basics"/>
</testsuite>
