<?xml version="1.0" encoding="UTF-8"?>
<!-- Generated by org.testng.reporters.JUnitReportReporter -->
<testsuite hostname="vicky-THINK" name="TestFramework.AccessHQAPITest" tests="1" failures="0" timestamp="18 Jan 2019 06:05:30 GMT" time="17.646" errors="0">
  <testcase name="getStationAPITest" time="17.646" classname="TestFramework.AccessHQAPITest"/>
</testsuite>
