<?xml version="1.0" encoding="UTF-8"?>
<!-- Generated by org.testng.reporters.JUnitReportReporter -->
<testsuite hostname="DESKTOP-GOMK6OD" name="TestFramework.basics3" tests="1" failures="0" timestamp="4 Nov 2017 20:43:35 GMT" time="1.182" errors="0">
  <testcase name="AddandDeletePlace" time="1.182" classname="TestFramework.basics3"/>
</testsuite>
